

Microchip MPLAB XC8 Assembler V2.31 build 20201012212115 
                                                                                               Tue Feb 23 23:49:28 2021

Microchip MPLAB XC8 C Compiler v2.31 (Free license) build 20201012212115 Og1 
     1                           	processor	16F887
     2                           	pagewidth 120
     3                           	opt	flic
     4                           	psect	cinit,global,class=CODE,merge=1,delta=2
     5                           	psect	bssCOMMON,global,class=COMMON,space=1,delta=1,noexec
     6                           	psect	cstackCOMMON,global,class=COMMON,space=1,delta=1,noexec
     7                           	psect	maintext,global,class=CODE,split=1,delta=2
     8                           	psect	text1,local,class=CODE,merge=1,delta=2
     9                           	psect	intentry,global,class=CODE,delta=2
    10                           	psect	config,global,abs,ovrld,class=CONFIG,space=4,delta=2,noexec
    11                           	dabs	1,0x7E,2
    12  0000                     
    13                           ; Version 2.20
    14                           ; Generated 12/02/2020 GMT
    15                           ; 
    16                           ; Copyright © 2020, Microchip Technology Inc. and its subsidiaries ("Microchip")
    17                           ; All rights reserved.
    18                           ; 
    19                           ; This software is developed by Microchip Technology Inc. and its subsidiaries ("Microch
      +                          ip").
    20                           ; 
    21                           ; Redistribution and use in source and binary forms, with or without modification, are
    22                           ; permitted provided that the following conditions are met:
    23                           ; 
    24                           ;     1. Redistributions of source code must retain the above copyright notice, this lis
      +                          t of
    25                           ;        conditions and the following disclaimer.
    26                           ; 
    27                           ;     2. Redistributions in binary form must reproduce the above copyright notice, this 
      +                          list
    28                           ;        of conditions and the following disclaimer in the documentation and/or other
    29                           ;        materials provided with the distribution.
    30                           ; 
    31                           ;     3. Microchip's name may not be used to endorse or promote products derived from th
      +                          is
    32                           ;        software without specific prior written permission.
    33                           ; 
    34                           ; THIS SOFTWARE IS PROVIDED BY MICROCHIP "AS IS" AND ANY EXPRESS OR IMPLIED WARRANTIES,
    35                           ; INCLUDING, BUT NOT LIMITED TO, THE IMPLIED WARRANTIES OF MERCHANTABILITY AND FITNESS F
      +                          OR
    36                           ; PURPOSE ARE DISCLAIMED.  IN NO EVENT SHALL MICROCHIP BE LIABLE FOR ANY DIRECT, INDIREC
      +                          T,
    37                           ; INCIDENTAL, SPECIAL, EXEMPLARY, OR CONSEQUENTIAL DAMAGES (INCLUDING BUT NOT LIMITED TO
    38                           ; PROCUREMENT OF SUBSTITUTE GOODS OR SERVICES; LOSS OF USE, DATA OR PROFITS; OR BUSINESS
    39                           ; INTERRUPTION) HOWSOEVER CAUSED AND ON ANY THEORY OF LIABILITY, WHETHER IN CONTRACT, ST
      +                          RICT
    40                           ; LIABILITY, OR TORT (INCLUDING NEGLIGENCE OR OTHERWISE) ARISING IN ANY WAY OUT OF THE U
      +                          SE OF
    41                           ; THIS SOFTWARE, EVEN IF ADVISED OF THE POSSIBILITY OF SUCH DAMAGE.
    42                           ; 
    43                           ; 
    44                           ; Code-generator required, PIC16F887 Definitions
    45                           ; 
    46                           ; SFR Addresses
    47  0000                     	;# 
    48  0001                     	;# 
    49  0002                     	;# 
    50  0003                     	;# 
    51  0004                     	;# 
    52  0005                     	;# 
    53  0006                     	;# 
    54  0007                     	;# 
    55  0008                     	;# 
    56  0009                     	;# 
    57  000A                     	;# 
    58  000B                     	;# 
    59  000C                     	;# 
    60  000D                     	;# 
    61  000E                     	;# 
    62  000E                     	;# 
    63  000F                     	;# 
    64  0010                     	;# 
    65  0011                     	;# 
    66  0012                     	;# 
    67  0013                     	;# 
    68  0014                     	;# 
    69  0015                     	;# 
    70  0015                     	;# 
    71  0016                     	;# 
    72  0017                     	;# 
    73  0018                     	;# 
    74  0019                     	;# 
    75  001A                     	;# 
    76  001B                     	;# 
    77  001B                     	;# 
    78  001C                     	;# 
    79  001D                     	;# 
    80  001E                     	;# 
    81  001F                     	;# 
    82  0081                     	;# 
    83  0085                     	;# 
    84  0086                     	;# 
    85  0087                     	;# 
    86  0088                     	;# 
    87  0089                     	;# 
    88  008C                     	;# 
    89  008D                     	;# 
    90  008E                     	;# 
    91  008F                     	;# 
    92  0090                     	;# 
    93  0091                     	;# 
    94  0092                     	;# 
    95  0093                     	;# 
    96  0093                     	;# 
    97  0093                     	;# 
    98  0094                     	;# 
    99  0095                     	;# 
   100  0096                     	;# 
   101  0097                     	;# 
   102  0098                     	;# 
   103  0099                     	;# 
   104  009A                     	;# 
   105  009B                     	;# 
   106  009C                     	;# 
   107  009D                     	;# 
   108  009E                     	;# 
   109  009F                     	;# 
   110  0105                     	;# 
   111  0107                     	;# 
   112  0108                     	;# 
   113  0109                     	;# 
   114  010C                     	;# 
   115  010C                     	;# 
   116  010D                     	;# 
   117  010E                     	;# 
   118  010F                     	;# 
   119  0185                     	;# 
   120  0187                     	;# 
   121  0188                     	;# 
   122  0189                     	;# 
   123  018C                     	;# 
   124  018D                     	;# 
   125  0000                     	;# 
   126  0001                     	;# 
   127  0002                     	;# 
   128  0003                     	;# 
   129  0004                     	;# 
   130  0005                     	;# 
   131  0006                     	;# 
   132  0007                     	;# 
   133  0008                     	;# 
   134  0009                     	;# 
   135  000A                     	;# 
   136  000B                     	;# 
   137  000C                     	;# 
   138  000D                     	;# 
   139  000E                     	;# 
   140  000E                     	;# 
   141  000F                     	;# 
   142  0010                     	;# 
   143  0011                     	;# 
   144  0012                     	;# 
   145  0013                     	;# 
   146  0014                     	;# 
   147  0015                     	;# 
   148  0015                     	;# 
   149  0016                     	;# 
   150  0017                     	;# 
   151  0018                     	;# 
   152  0019                     	;# 
   153  001A                     	;# 
   154  001B                     	;# 
   155  001B                     	;# 
   156  001C                     	;# 
   157  001D                     	;# 
   158  001E                     	;# 
   159  001F                     	;# 
   160  0081                     	;# 
   161  0085                     	;# 
   162  0086                     	;# 
   163  0087                     	;# 
   164  0088                     	;# 
   165  0089                     	;# 
   166  008C                     	;# 
   167  008D                     	;# 
   168  008E                     	;# 
   169  008F                     	;# 
   170  0090                     	;# 
   171  0091                     	;# 
   172  0092                     	;# 
   173  0093                     	;# 
   174  0093                     	;# 
   175  0093                     	;# 
   176  0094                     	;# 
   177  0095                     	;# 
   178  0096                     	;# 
   179  0097                     	;# 
   180  0098                     	;# 
   181  0099                     	;# 
   182  009A                     	;# 
   183  009B                     	;# 
   184  009C                     	;# 
   185  009D                     	;# 
   186  009E                     	;# 
   187  009F                     	;# 
   188  0105                     	;# 
   189  0107                     	;# 
   190  0108                     	;# 
   191  0109                     	;# 
   192  010C                     	;# 
   193  010C                     	;# 
   194  010D                     	;# 
   195  010E                     	;# 
   196  010F                     	;# 
   197  0185                     	;# 
   198  0187                     	;# 
   199  0188                     	;# 
   200  0189                     	;# 
   201  018C                     	;# 
   202  018D                     	;# 
   203  0006                     _PORTBbits	set	6
   204  0008                     _PORTD	set	8
   205  0006                     _PORTB	set	6
   206  0005                     _PORTA	set	5
   207  000B                     _INTCONbits	set	11
   208  0088                     _TRISD	set	136
   209  0087                     _TRISC	set	135
   210  0086                     _TRISB	set	134
   211  0085                     _TRISA	set	133
   212  0096                     _IOCBbits	set	150
   213  008F                     _OSCCONbits	set	143
   214  0189                     _ANSELH	set	393
   215  0188                     _ANSEL	set	392
   216                           
   217                           	psect	cinit
   218  000F                     start_initialization:	
   219                           ; #config settings
   220                           
   221  000F                     __initialization:
   222                           
   223                           ; Clear objects allocated to COMMON
   224  000F  01F0               	clrf	__pbssCOMMON& (0+127)
   225  0010  01F1               	clrf	(__pbssCOMMON+1)& (0+127)
   226  0011  01F2               	clrf	(__pbssCOMMON+2)& (0+127)
   227  0012                     end_of_initialization:	
   228                           ;End of C runtime variable initialization code
   229                           
   230  0012                     __end_of__initialization:
   231  0012  0183               	clrf	3
   232  0013  120A  118A  2850   	ljmp	_main	;jump to C main() function
   233                           
   234                           	psect	bssCOMMON
   235  0070                     __pbssCOMMON:
   236  0070                     _Counter:
   237  0070                     	ds	1
   238  0071                     _Decremento:
   239  0071                     	ds	1
   240  0072                     _Incremento:
   241  0072                     	ds	1
   242                           
   243                           	psect	cstackCOMMON
   244  0073                     __pcstackCOMMON:
   245  0073                     ?_main:
   246  0073                     ?_ISR:	
   247                           ; 1 bytes @ 0x0
   248                           
   249  0073                     ??_ISR:	
   250                           ; 1 bytes @ 0x0
   251                           
   252                           
   253                           ; 1 bytes @ 0x0
   254  0073                     	ds	3
   255  0076                     ??_main:
   256                           
   257                           	psect	maintext
   258  0050                     __pmaintext:	
   259                           ; 1 bytes @ 0x3
   260 ;;
   261 ;;Main: autosize = 0, tempsize = 0, incstack = 0, save=0
   262 ;;
   263 ;; *************** function _main *****************
   264 ;; Defined at:
   265 ;;		line 42 in file "main.c"
   266 ;; Parameters:    Size  Location     Type
   267 ;;		None
   268 ;; Auto vars:     Size  Location     Type
   269 ;;		None
   270 ;; Return value:  Size  Location     Type
   271 ;;                  1    wreg      void 
   272 ;; Registers used:
   273 ;;		wreg, status,2, status,0
   274 ;; Tracked objects:
   275 ;;		On entry : B00/0
   276 ;;		On exit  : 0/0
   277 ;;		Unchanged: 0/0
   278 ;; Data sizes:     COMMON   BANK0   BANK1   BANK3   BANK2
   279 ;;      Params:         0       0       0       0       0
   280 ;;      Locals:         0       0       0       0       0
   281 ;;      Temps:          0       0       0       0       0
   282 ;;      Totals:         0       0       0       0       0
   283 ;;Total ram usage:        0 bytes
   284 ;; Hardware stack levels required when called:    1
   285 ;; This function calls:
   286 ;;		Nothing
   287 ;; This function is called by:
   288 ;;		Startup code after reset
   289 ;; This function uses a non-reentrant model
   290 ;;
   291                           
   292                           
   293                           ;psect for function _main
   294  0050                     _main:
   295  0050                     l642:	
   296                           ;incstack = 0
   297                           ; Regs used in _main: [wreg+status,2+status,0]
   298                           
   299                           
   300                           ;main.c: 43:     OSCCONbits.IRCF = 0b111;
   301  0050  3070               	movlw	112
   302  0051  1683               	bsf	3,5	;RP0=1, select bank1
   303  0052  1303               	bcf	3,6	;RP1=0, select bank1
   304  0053  048F               	iorwf	15,f	;volatile
   305  0054                     l644:
   306                           
   307                           ;main.c: 44:     OSCCONbits.OSTS = 0;
   308  0054  118F               	bcf	15,3	;volatile
   309  0055                     l646:
   310                           
   311                           ;main.c: 45:     OSCCONbits.HTS = 0;
   312  0055  110F               	bcf	15,2	;volatile
   313  0056                     l648:
   314                           
   315                           ;main.c: 46:     OSCCONbits.LTS = 0;
   316  0056  108F               	bcf	15,1	;volatile
   317  0057                     l650:
   318                           
   319                           ;main.c: 47:     OSCCONbits.SCS = 1;
   320  0057  140F               	bsf	15,0	;volatile
   321  0058                     l652:
   322                           
   323                           ;main.c: 48:     INTCONbits.GIE = 1;
   324  0058  178B               	bsf	11,7	;volatile
   325  0059                     l654:
   326                           
   327                           ;main.c: 49:     INTCONbits.PEIE = 1;
   328  0059  170B               	bsf	11,6	;volatile
   329  005A                     l656:
   330                           
   331                           ;main.c: 50:     INTCONbits.RBIE = 1;
   332  005A  158B               	bsf	11,3	;volatile
   333  005B                     l658:
   334                           
   335                           ;main.c: 51:     INTCONbits.RBIF = 0;
   336  005B  100B               	bcf	11,0	;volatile
   337  005C                     l660:
   338                           
   339                           ;main.c: 52:     IOCBbits.IOCB0 = 1;
   340  005C  1416               	bsf	22,0	;volatile
   341  005D                     l662:
   342                           
   343                           ;main.c: 53:     IOCBbits.IOCB1 = 1;
   344  005D  1496               	bsf	22,1	;volatile
   345  005E                     l664:
   346                           
   347                           ;main.c: 54:     ANSEL = 0;
   348  005E  1683               	bsf	3,5	;RP0=1, select bank3
   349  005F  1703               	bsf	3,6	;RP1=1, select bank3
   350  0060  0188               	clrf	8	;volatile
   351  0061                     l666:
   352                           
   353                           ;main.c: 55:     ANSELH = 0;
   354  0061  0189               	clrf	9	;volatile
   355  0062                     l668:
   356                           
   357                           ;main.c: 56:     TRISA = 0b00000000;
   358  0062  1683               	bsf	3,5	;RP0=1, select bank1
   359  0063  1303               	bcf	3,6	;RP1=0, select bank1
   360  0064  0185               	clrf	5	;volatile
   361  0065                     l670:
   362                           
   363                           ;main.c: 57:     PORTA = 0;
   364  0065  1283               	bcf	3,5	;RP0=0, select bank0
   365  0066  1303               	bcf	3,6	;RP1=0, select bank0
   366  0067  0185               	clrf	5	;volatile
   367  0068                     l672:
   368                           
   369                           ;main.c: 58:     TRISB = 0b00000011;
   370  0068  3003               	movlw	3
   371  0069  1683               	bsf	3,5	;RP0=1, select bank1
   372  006A  1303               	bcf	3,6	;RP1=0, select bank1
   373  006B  0086               	movwf	6	;volatile
   374  006C                     l674:
   375                           
   376                           ;main.c: 59:     TRISC = 0;
   377  006C  0187               	clrf	7	;volatile
   378  006D                     l676:
   379                           
   380                           ;main.c: 60:     PORTB = 0;
   381  006D  1283               	bcf	3,5	;RP0=0, select bank0
   382  006E  1303               	bcf	3,6	;RP1=0, select bank0
   383  006F  0186               	clrf	6	;volatile
   384  0070                     l678:
   385                           
   386                           ;main.c: 61:     TRISD = 0;
   387  0070  1683               	bsf	3,5	;RP0=1, select bank1
   388  0071  1303               	bcf	3,6	;RP1=0, select bank1
   389  0072  0188               	clrf	8	;volatile
   390  0073                     l680:
   391                           
   392                           ;main.c: 62:     PORTD = 0;
   393  0073  1283               	bcf	3,5	;RP0=0, select bank0
   394  0074  1303               	bcf	3,6	;RP1=0, select bank0
   395  0075  0188               	clrf	8	;volatile
   396  0076                     l682:
   397                           
   398                           ;main.c: 64:         PORTD = Counter;
   399  0076  0870               	movf	_Counter,w
   400  0077  0088               	movwf	8	;volatile
   401  0078  2876               	goto	l682
   402  0079  120A  118A  280C   	ljmp	start
   403  007C                     __end_of_main:
   404                           
   405                           	psect	text1
   406  0016                     __ptext1:	
   407 ;; *************** function _ISR *****************
   408 ;; Defined at:
   409 ;;		line 70 in file "main.c"
   410 ;; Parameters:    Size  Location     Type
   411 ;;		None
   412 ;; Auto vars:     Size  Location     Type
   413 ;;		None
   414 ;; Return value:  Size  Location     Type
   415 ;;                  1    wreg      void 
   416 ;; Registers used:
   417 ;;		wreg, status,2, status,0
   418 ;; Tracked objects:
   419 ;;		On entry : 0/0
   420 ;;		On exit  : 0/0
   421 ;;		Unchanged: 0/0
   422 ;; Data sizes:     COMMON   BANK0   BANK1   BANK3   BANK2
   423 ;;      Params:         0       0       0       0       0
   424 ;;      Locals:         0       0       0       0       0
   425 ;;      Temps:          3       0       0       0       0
   426 ;;      Totals:         3       0       0       0       0
   427 ;;Total ram usage:        3 bytes
   428 ;; Hardware stack levels used:    1
   429 ;; This function calls:
   430 ;;		Nothing
   431 ;; This function is called by:
   432 ;;		Interrupt level 1
   433 ;; This function uses a non-reentrant model
   434 ;;
   435                           
   436                           
   437                           ;psect for function _ISR
   438  0016                     _ISR:
   439  0016                     i1l684:
   440                           
   441                           ;main.c: 71:     if (INTCONbits.RBIF == 1) {
   442  0016  1C0B               	btfss	11,0	;volatile
   443  0017  2819               	goto	u1_21
   444  0018  281A               	goto	u1_20
   445  0019                     u1_21:
   446  0019  2849               	goto	i1l48
   447  001A                     u1_20:
   448  001A                     i1l686:
   449                           
   450                           ;main.c: 72:         if (PORTBbits.RB0 == 1) {
   451  001A  1283               	bcf	3,5	;RP0=0, select bank0
   452  001B  1303               	bcf	3,6	;RP1=0, select bank0
   453  001C  1C06               	btfss	6,0	;volatile
   454  001D  281F               	goto	u2_21
   455  001E  2820               	goto	u2_20
   456  001F                     u2_21:
   457  001F  2822               	goto	i1l46
   458  0020                     u2_20:
   459  0020                     i1l688:
   460                           
   461                           ;main.c: 73:             Incremento = 1;
   462  0020  01F2               	clrf	_Incremento
   463  0021  0AF2               	incf	_Incremento,f
   464  0022                     i1l46:	
   465                           ;main.c: 74:         }
   466                           
   467                           
   468                           ;main.c: 75:         if (PORTBbits.RB0 == 0 && Incremento == 1) {
   469  0022  1806               	btfsc	6,0	;volatile
   470  0023  2825               	goto	u3_21
   471  0024  2826               	goto	u3_20
   472  0025                     u3_21:
   473  0025  2832               	goto	i1l47
   474  0026                     u3_20:
   475  0026                     i1l690:
   476  0026  0372               	decf	_Incremento,w
   477  0027  1D03               	btfss	3,2
   478  0028  282A               	goto	u4_21
   479  0029  282B               	goto	u4_20
   480  002A                     u4_21:
   481  002A  2832               	goto	i1l47
   482  002B                     u4_20:
   483  002B                     i1l692:
   484                           
   485                           ;main.c: 76:             Incremento = 0;
   486  002B  01F2               	clrf	_Incremento
   487  002C                     i1l694:
   488                           
   489                           ;main.c: 77:             Counter = Counter + 1;
   490  002C  0870               	movf	_Counter,w
   491  002D  3E01               	addlw	1
   492  002E  00F3               	movwf	??_ISR
   493  002F  0873               	movf	??_ISR,w
   494  0030  00F0               	movwf	_Counter
   495  0031  2849               	goto	i1l48
   496  0032                     i1l47:	
   497                           ;main.c: 79:         }
   498                           
   499                           
   500                           ;main.c: 80:         if (PORTBbits.RB1 == 1) {
   501  0032  1C86               	btfss	6,1	;volatile
   502  0033  2835               	goto	u5_21
   503  0034  2836               	goto	u5_20
   504  0035                     u5_21:
   505  0035  2838               	goto	i1l49
   506  0036                     u5_20:
   507  0036                     i1l698:
   508                           
   509                           ;main.c: 81:             Decremento = 1;
   510  0036  01F1               	clrf	_Decremento
   511  0037  0AF1               	incf	_Decremento,f
   512  0038                     i1l49:	
   513                           ;main.c: 82:         }
   514                           
   515                           
   516                           ;main.c: 83:         if (PORTBbits.RB1 == 0 && Decremento == 1) {
   517  0038  1886               	btfsc	6,1	;volatile
   518  0039  283B               	goto	u6_21
   519  003A  283C               	goto	u6_20
   520  003B                     u6_21:
   521  003B  2848               	goto	i1l50
   522  003C                     u6_20:
   523  003C                     i1l700:
   524  003C  0371               	decf	_Decremento,w
   525  003D  1D03               	btfss	3,2
   526  003E  2840               	goto	u7_21
   527  003F  2841               	goto	u7_20
   528  0040                     u7_21:
   529  0040  2848               	goto	i1l50
   530  0041                     u7_20:
   531  0041                     i1l702:
   532                           
   533                           ;main.c: 84:             Decremento = 0;
   534  0041  01F1               	clrf	_Decremento
   535  0042                     i1l704:
   536                           
   537                           ;main.c: 85:             Counter = Counter - 1;
   538  0042  0870               	movf	_Counter,w
   539  0043  3EFF               	addlw	255
   540  0044  00F3               	movwf	??_ISR
   541  0045  0873               	movf	??_ISR,w
   542  0046  00F0               	movwf	_Counter
   543  0047  2849               	goto	i1l48
   544  0048                     i1l50:	
   545                           ;main.c: 87:         }
   546                           
   547                           
   548                           ;main.c: 89:         INTCONbits.RBIF = 0;
   549  0048  100B               	bcf	11,0	;volatile
   550  0049                     i1l48:	
   551                           ;main.c: 90:         return;
   552                           
   553  0049  0875               	movf	??_ISR+2,w
   554  004A  008A               	movwf	10
   555  004B  0E74               	swapf	??_ISR+1,w
   556  004C  0083               	movwf	3
   557  004D  0EFE               	swapf	btemp,f
   558  004E  0E7E               	swapf	btemp,w
   559  004F  0009               	retfie
   560  0050                     __end_of_ISR:
   561  007E                     btemp	set	126	;btemp
   562  007E                     wtemp0	set	126
   563                           
   564                           	psect	intentry
   565  0004                     __pintentry:	
   566                           ;incstack = 0
   567                           ; Regs used in _ISR: [wreg+status,2+status,0]
   568                           
   569  0004                     interrupt_function:
   570  007E                     saved_w	set	btemp
   571  0004  00FE               	movwf	btemp
   572  0005  0E03               	swapf	3,w
   573  0006  00F4               	movwf	??_ISR+1
   574  0007  080A               	movf	10,w
   575  0008  00F5               	movwf	??_ISR+2
   576  0009  120A  118A  2816   	ljmp	_ISR
   577                           
   578                           	psect	config
   579                           
   580                           ;Config register CONFIG1 @ 0x2007
   581                           ;	Oscillator Selection bits
   582                           ;	FOSC = INTRC_NOCLKOUT, INTOSCIO oscillator: I/O function on RA6/OSC2/CLKOUT pin, I/O f
      +                          unction on RA7/OSC1/CLKIN
   583                           ;	Watchdog Timer Enable bit
   584                           ;	WDTE = OFF, WDT disabled and can be enabled by SWDTEN bit of the WDTCON register
   585                           ;	Power-up Timer Enable bit
   586                           ;	PWRTE = OFF, PWRT disabled
   587                           ;	RE3/MCLR pin function select bit
   588                           ;	MCLRE = ON, RE3/MCLR pin function is MCLR
   589                           ;	Code Protection bit
   590                           ;	CP = OFF, Program memory code protection is disabled
   591                           ;	Data Code Protection bit
   592                           ;	CPD = OFF, Data memory code protection is disabled
   593                           ;	Brown Out Reset Selection bits
   594                           ;	BOREN = OFF, BOR disabled
   595                           ;	Internal External Switchover bit
   596                           ;	IESO = OFF, Internal/External Switchover mode is disabled
   597                           ;	Fail-Safe Clock Monitor Enabled bit
   598                           ;	FCMEN = OFF, Fail-Safe Clock Monitor is disabled
   599                           ;	Low Voltage Programming Enable bit
   600                           ;	LVP = OFF, RB3 pin has digital I/O, HV on MCLR must be used for programming
   601                           ;	In-Circuit Debugger Mode bit
   602                           ;	DEBUG = 0x1, unprogrammed default
   603  2007                     	org	8199
   604  2007  20F4               	dw	8436
   605                           
   606                           ;Config register CONFIG2 @ 0x2008
   607                           ;	Brown-out Reset Selection bit
   608                           ;	BOR4V = BOR40V, Brown-out Reset set to 4.0V
   609                           ;	Flash Program Memory Self Write Enable bits
   610                           ;	WRT = OFF, Write protection off
   611  2008                     	org	8200
   612  2008  3FFF               	dw	16383

Data Sizes:
    Strings     0
    Constant    0
    Data        0
    BSS         3
    Persistent  0
    Stack       0

Auto Spaces:
    Space          Size  Autos    Used
    COMMON           14      3       6
    BANK0            80      0       0
    BANK1            80      0       0
    BANK3            96      0       0
    BANK2            96      0       0

Pointer List with Targets:

    None.

Critical Paths under _main in COMMON

    None.

Critical Paths under _ISR in COMMON

    None.

Critical Paths under _main in BANK0

    None.

Critical Paths under _ISR in BANK0

    None.

Critical Paths under _main in BANK1

    None.

Critical Paths under _ISR in BANK1

    None.

Critical Paths under _main in BANK3

    None.

Critical Paths under _ISR in BANK3

    None.

Critical Paths under _main in BANK2

    None.

Critical Paths under _ISR in BANK2

    None.

Call Graph Tables:

 ---------------------------------------------------------------------------------
 (Depth) Function   	        Calls       Base Space   Used Autos Params    Refs
 ---------------------------------------------------------------------------------
 (0) _main                                                 0     0      0       0
 ---------------------------------------------------------------------------------
 Estimated maximum stack depth 0
 ---------------------------------------------------------------------------------
 (Depth) Function   	        Calls       Base Space   Used Autos Params    Refs
 ---------------------------------------------------------------------------------
 (1) _ISR                                                  3     3      0       0
                                              0 COMMON     3     3      0
 ---------------------------------------------------------------------------------
 Estimated maximum stack depth 1
 ---------------------------------------------------------------------------------

 Call Graph Graphs:

 _main (ROOT)

 _ISR (ROOT)

 Address spaces:
Name               Size   Autos  Total    Cost      Usage
BITCOMMON            E      0       0       0        0.0%
EEDATA             100      0       0       0        0.0%
NULL                 0      0       0       0        0.0%
CODE                 0      0       0       0        0.0%
COMMON               E      3       6       1       42.9%
BITSFR0              0      0       0       1        0.0%
SFR0                 0      0       0       1        0.0%
BITSFR1              0      0       0       2        0.0%
SFR1                 0      0       0       2        0.0%
STACK                0      0       0       2        0.0%
ABS                  0      0       6       3        0.0%
BITBANK0            50      0       0       4        0.0%
BITSFR3              0      0       0       4        0.0%
SFR3                 0      0       0       4        0.0%
BANK0               50      0       0       5        0.0%
BITSFR2              0      0       0       5        0.0%
SFR2                 0      0       0       5        0.0%
BITBANK1            50      0       0       6        0.0%
BANK1               50      0       0       7        0.0%
BITBANK3            60      0       0       8        0.0%
BANK3               60      0       0       9        0.0%
BITBANK2            60      0       0      10        0.0%
BANK2               60      0       0      11        0.0%
DATA                 0      0       6      12        0.0%


Microchip Technology PIC Macro Assembler V2.31 build 20201012212115 
Symbol Table                                                                                   Tue Feb 23 23:49:28 2021

                    l650 0057                      l642 0050                      l660 005C  
                    l652 0058                      l644 0054                      l670 0065  
                    l662 005D                      l654 0059                      l646 0055  
                    l680 0073                      l672 0068                      l664 005E  
                    l656 005A                      l648 0056                      l682 0076  
                    l674 006C                      l666 0061                      l658 005B  
                    l676 006D                      l668 0062                      l678 0070  
                    _ISR 0016                     ?_ISR 0073                     i1l50 0048  
                   i1l46 0022                     i1l47 0032                     i1l48 0049  
                   i1l49 0038                     u1_20 001A                     u1_21 0019  
                   u2_20 0020                     u2_21 001F                     u3_20 0026  
                   u3_21 0025                     u4_20 002B                     u4_21 002A  
                   u5_20 0036                     u5_21 0035                     u6_20 003C  
                   u6_21 003B                     u7_20 0041                     u7_21 0040  
             _Decremento 0071                     _main 0050                     btemp 007E  
                   start 000C                    ??_ISR 0073                    ?_main 0073  
                  _ANSEL 0188                    i1l700 003C                    i1l702 0041  
                  i1l704 0042                    i1l690 0026                    i1l692 002B  
                  i1l684 0016                    i1l694 002C                    i1l686 001A  
                  i1l688 0020                    i1l698 0036                    _PORTA 0005  
                  _PORTB 0006                    _PORTD 0008                    _TRISA 0085  
                  _TRISB 0086                    _TRISC 0087                    _TRISD 0088  
                  pclath 000A                    status 0003                    wtemp0 007E  
             _Incremento 0072          __initialization 000F             __end_of_main 007C  
                 ??_main 0076                   _ANSELH 0189                   saved_w 007E  
__end_of__initialization 0012           __pcstackCOMMON 0073               __pmaintext 0050  
             __pintentry 0004                  _Counter 0070                  __ptext1 0016  
           __size_of_ISR 003A     end_of_initialization 0012                _PORTBbits 0006  
    start_initialization 000F              __end_of_ISR 0050              __pbssCOMMON 0070  
              ___latbits 0002        interrupt_function 0004                 _IOCBbits 0096  
          __size_of_main 002C               _INTCONbits 000B                 intlevel1 0000  
             _OSCCONbits 008F  
